{"level":"info","message":"Server running in development mode on port 3000","service":"hospital-staff-api","timestamp":"2025-11-21T08:21:50.818Z"}
{"level":"info","message":"Health check available at: http://localhost:3000/health","service":"hospital-staff-api","timestamp":"2025-11-21T08:21:50.822Z"}
{"level":"info","message":"MongoDB Connected: cluster0-shard-00-00.wi77o.mongodb.net","service":"hospital-staff-api","timestamp":"2025-11-21T08:21:51.390Z"}
{"level":"info","message":"::1 - - [21/Nov/2025:08:26:04 +0000] \"POST /api/auth HTTP/1.1\" 404 52 \"-\" \"PostmanRuntime/7.49.1\"","service":"hospital-staff-api","timestamp":"2025-11-21T08:26:04.500Z"}
{"level":"info","message":"Received SIGINT, shutting down gracefully","service":"hospital-staff-api","timestamp":"2025-11-21T08:26:47.247Z"}
{"level":"info","message":"Server running in development mode on port 3000","service":"hospital-staff-api","timestamp":"2025-11-21T08:26:49.718Z"}
{"level":"info","message":"Health check available at: http://localhost:3000/health","service":"hospital-staff-api","timestamp":"2025-11-21T08:26:49.721Z"}
{"level":"info","message":"MongoDB Connected: cluster0-shard-00-00.wi77o.mongodb.net","service":"hospital-staff-api","timestamp":"2025-11-21T08:26:50.147Z"}
{"level":"info","message":"Received SIGINT, shutting down gracefully","service":"hospital-staff-api","timestamp":"2025-11-21T08:26:58.603Z"}
{"level":"info","message":"Server running in development mode on port 3000","service":"hospital-staff-api","timestamp":"2025-11-21T08:27:13.712Z"}
{"level":"info","message":"Health check available at: http://localhost:3000/health","service":"hospital-staff-api","timestamp":"2025-11-21T08:27:13.715Z"}
{"level":"info","message":"MongoDB Connected: cluster0-shard-00-01.wi77o.mongodb.net","service":"hospital-staff-api","timestamp":"2025-11-21T08:27:14.154Z"}
{"level":"info","message":"::1 - - [21/Nov/2025:08:27:17 +0000] \"POST /api/auth HTTP/1.1\" 404 52 \"-\" \"PostmanRuntime/7.49.1\"","service":"hospital-staff-api","timestamp":"2025-11-21T08:27:17.859Z"}
{"level":"info","message":"::1 - - [21/Nov/2025:08:27:25 +0000] \"POST /api/auth HTTP/1.1\" 404 52 \"-\" \"PostmanRuntime/7.49.1\"","service":"hospital-staff-api","timestamp":"2025-11-21T08:27:25.545Z"}
{"level":"info","message":"Server running in development mode on port 3000","service":"hospital-staff-api","timestamp":"2025-11-21T08:28:03.128Z"}
{"level":"info","message":"Health check available at: http://localhost:3000/health","service":"hospital-staff-api","timestamp":"2025-11-21T08:28:03.132Z"}
{"level":"info","message":"MongoDB Connected: cluster0-shard-00-01.wi77o.mongodb.net","service":"hospital-staff-api","timestamp":"2025-11-21T08:28:03.583Z"}
{"level":"info","message":"Server running in development mode on port 3000","service":"hospital-staff-api","timestamp":"2025-11-21T08:28:12.379Z"}
{"level":"info","message":"Health check available at: http://localhost:3000/health","service":"hospital-staff-api","timestamp":"2025-11-21T08:28:12.384Z"}
{"level":"info","message":"MongoDB Connected: cluster0-shard-00-02.wi77o.mongodb.net","service":"hospital-staff-api","timestamp":"2025-11-21T08:28:12.844Z"}
{"level":"info","message":"Server running in development mode on port 3000","service":"hospital-staff-api","timestamp":"2025-11-21T08:28:28.389Z"}
{"level":"info","message":"Health check available at: http://localhost:3000/health","service":"hospital-staff-api","timestamp":"2025-11-21T08:28:28.393Z"}
{"level":"info","message":"MongoDB Connected: cluster0-shard-00-00.wi77o.mongodb.net","service":"hospital-staff-api","timestamp":"2025-11-21T08:28:28.807Z"}
{"level":"info","message":"Server running in development mode on port 3000","service":"hospital-staff-api","timestamp":"2025-11-21T08:28:33.994Z"}
{"level":"info","message":"Health check available at: http://localhost:3000/health","service":"hospital-staff-api","timestamp":"2025-11-21T08:28:33.998Z"}
{"level":"info","message":"MongoDB Connected: cluster0-shard-00-01.wi77o.mongodb.net","service":"hospital-staff-api","timestamp":"2025-11-21T08:28:34.652Z"}
{"level":"info","message":"::1 - - [21/Nov/2025:08:28:38 +0000] \"POST /api/auth HTTP/1.1\" 404 52 \"-\" \"PostmanRuntime/7.49.1\"","service":"hospital-staff-api","timestamp":"2025-11-21T08:28:38.555Z"}
{"level":"warn","message":"Failed login attempt for name: admin","service":"hospital-staff-api","timestamp":"2025-11-21T08:28:56.000Z"}
{"level":"info","message":"::1 - - [21/Nov/2025:08:28:56 +0000] \"POST /api/auth/login HTTP/1.1\" 401 49 \"-\" \"PostmanRuntime/7.49.1\"","service":"hospital-staff-api","timestamp":"2025-11-21T08:28:56.001Z"}
{"level":"info","message":"Received SIGINT, shutting down gracefully","service":"hospital-staff-api","timestamp":"2025-11-21T08:33:30.765Z"}
{"level":"info","message":"Server running in development mode on port 3000","service":"hospital-staff-api","timestamp":"2025-11-21T08:33:33.504Z"}
{"level":"info","message":"Health check available at: http://localhost:3000/health","service":"hospital-staff-api","timestamp":"2025-11-21T08:33:33.508Z"}
{"level":"info","message":"MongoDB Connected: cluster0-shard-00-00.wi77o.mongodb.net","service":"hospital-staff-api","timestamp":"2025-11-21T08:33:34.046Z"}
{"level":"info","message":"::1 - - [21/Nov/2025:08:34:15 +0000] \"POST /api/auth/staff HTTP/1.1\" 404 52 \"-\" \"PostmanRuntime/7.49.1\"","service":"hospital-staff-api","timestamp":"2025-11-21T08:34:15.507Z"}
{"level":"info","message":"::1 - - [21/Nov/2025:08:35:19 +0000] \"POST /api//staff HTTP/1.1\" 404 52 \"-\" \"PostmanRuntime/7.49.1\"","service":"hospital-staff-api","timestamp":"2025-11-21T08:35:19.995Z"}
{"level":"info","message":"::1 - - [21/Nov/2025:08:35:26 +0000] \"POST /api/staff HTTP/1.1\" 401 63 \"-\" \"PostmanRuntime/7.49.1\"","service":"hospital-staff-api","timestamp":"2025-11-21T08:35:26.303Z"}
{"level":"info","message":"Server running in development mode on port 3000","service":"hospital-staff-api","timestamp":"2025-11-21T08:36:38.010Z"}
{"level":"info","message":"Health check available at: http://localhost:3000/health","service":"hospital-staff-api","timestamp":"2025-11-21T08:36:38.014Z"}
{"level":"info","message":"MongoDB Connected: cluster0-shard-00-02.wi77o.mongodb.net","service":"hospital-staff-api","timestamp":"2025-11-21T08:36:38.463Z"}
{"level":"error","message":"Create staff error: Cannot read properties of undefined (reading 'name')","service":"hospital-staff-api","stack":"TypeError: Cannot read properties of undefined (reading 'name')\n    at exports.createStaff (/Users/apple/Desktop/Interviews/2025/bayer/bayer-04/server/controller/staffController.js:161:80)\n    at process.processTicksAndRejections (node:internal/process/task_queues:95:5)","timestamp":"2025-11-21T08:36:40.336Z"}
{"level":"info","message":"::1 - - [21/Nov/2025:08:36:40 +0000] \"POST /api/staff HTTP/1.1\" 400 86 \"-\" \"PostmanRuntime/7.49.1\"","service":"hospital-staff-api","timestamp":"2025-11-21T08:36:40.342Z"}
{"0":{"location":"body","msg":"Name must be 2-100 characters long","path":"name","type":"field","value":""},"level":"warn","message":"Validation errors:","service":"hospital-staff-api","timestamp":"2025-11-21T08:37:35.049Z"}
{"level":"info","message":"::1 - - [21/Nov/2025:08:37:35 +0000] \"POST /api/staff HTTP/1.1\" 400 118 \"-\" \"PostmanRuntime/7.49.1\"","service":"hospital-staff-api","timestamp":"2025-11-21T08:37:35.050Z"}
{"level":"info","message":"::1 - - [21/Nov/2025:08:38:02 +0000] \"POST /api/staff HTTP/1.1\" 400 53 \"-\" \"PostmanRuntime/7.49.1\"","service":"hospital-staff-api","timestamp":"2025-11-21T08:38:02.755Z"}
{"level":"info","message":"::1 - - [21/Nov/2025:08:41:06 +0000] \"GET /api/staff?page=1&limit=10&role=Doctor HTTP/1.1\" 200 595 \"-\" \"PostmanRuntime/7.49.1\"","service":"hospital-staff-api","timestamp":"2025-11-21T08:41:06.679Z"}
{"0":{"location":"body","msg":"Staff ID must be 3-10 characters long","path":"staffId","type":"field","value":""},"1":{"location":"body","msg":"Staff ID must contain only uppercase letters and numbers","path":"staffId","type":"field","value":""},"2":{"location":"body","msg":"Invalid role","path":"role","type":"field"},"3":{"location":"body","msg":"Department must be 2-50 characters long","path":"department","type":"field","value":""},"level":"warn","message":"Validation errors:","service":"hospital-staff-api","timestamp":"2025-11-21T08:42:35.667Z"}
{"level":"info","message":"::1 - - [21/Nov/2025:08:42:35 +0000] \"PUT /api/staff/692024984098192a92d18fbc HTTP/1.1\" 400 295 \"-\" \"PostmanRuntime/7.49.1\"","service":"hospital-staff-api","timestamp":"2025-11-21T08:42:35.669Z"}
{"level":"info","message":"::1 - - [21/Nov/2025:08:43:12 +0000] \"PUT /api/staff/DOC001 HTTP/1.1\" 400 47 \"-\" \"PostmanRuntime/7.49.1\"","service":"hospital-staff-api","timestamp":"2025-11-21T08:43:12.083Z"}
{"level":"info","message":"::1 - - [21/Nov/2025:08:43:49 +0000] \"PUT /api/staff/DOC001 HTTP/1.1\" 400 47 \"-\" \"PostmanRuntime/7.49.1\"","service":"hospital-staff-api","timestamp":"2025-11-21T08:43:49.019Z"}
{"level":"info","message":"Server running in development mode on port 3000","service":"hospital-staff-api","timestamp":"2025-11-21T08:44:56.887Z"}
{"level":"info","message":"Health check available at: http://localhost:3000/health","service":"hospital-staff-api","timestamp":"2025-11-21T08:44:56.891Z"}
{"level":"info","message":"MongoDB Connected: cluster0-shard-00-00.wi77o.mongodb.net","service":"hospital-staff-api","timestamp":"2025-11-21T08:44:57.337Z"}
{"level":"info","message":"Server running in development mode on port 3000","service":"hospital-staff-api","timestamp":"2025-11-21T08:45:02.728Z"}
{"level":"info","message":"Health check available at: http://localhost:3000/health","service":"hospital-staff-api","timestamp":"2025-11-21T08:45:02.732Z"}
{"level":"info","message":"MongoDB Connected: cluster0-shard-00-02.wi77o.mongodb.net","service":"hospital-staff-api","timestamp":"2025-11-21T08:45:03.157Z"}
{"level":"info","message":"Server running in development mode on port 3000","service":"hospital-staff-api","timestamp":"2025-11-21T08:45:05.237Z"}
{"level":"info","message":"Health check available at: http://localhost:3000/health","service":"hospital-staff-api","timestamp":"2025-11-21T08:45:05.241Z"}
{"level":"info","message":"MongoDB Connected: cluster0-shard-00-01.wi77o.mongodb.net","service":"hospital-staff-api","timestamp":"2025-11-21T08:45:05.665Z"}
{"level":"info","message":"Server running in development mode on port 3000","service":"hospital-staff-api","timestamp":"2025-11-21T08:45:09.113Z"}
{"level":"info","message":"Health check available at: http://localhost:3000/health","service":"hospital-staff-api","timestamp":"2025-11-21T08:45:09.116Z"}
{"level":"info","message":"MongoDB Connected: cluster0-shard-00-01.wi77o.mongodb.net","service":"hospital-staff-api","timestamp":"2025-11-21T08:45:09.596Z"}
{"level":"info","message":"Server running in development mode on port 3000","service":"hospital-staff-api","timestamp":"2025-11-21T08:45:12.162Z"}
{"level":"info","message":"Health check available at: http://localhost:3000/health","service":"hospital-staff-api","timestamp":"2025-11-21T08:45:12.166Z"}
{"level":"info","message":"MongoDB Connected: cluster0-shard-00-01.wi77o.mongodb.net","service":"hospital-staff-api","timestamp":"2025-11-21T08:45:12.606Z"}
{"level":"info","message":"Server running in development mode on port 3000","service":"hospital-staff-api","timestamp":"2025-11-21T08:45:13.334Z"}
{"level":"info","message":"Health check available at: http://localhost:3000/health","service":"hospital-staff-api","timestamp":"2025-11-21T08:45:13.337Z"}
{"level":"info","message":"Server running in development mode on port 3000","service":"hospital-staff-api","timestamp":"2025-11-21T08:45:14.532Z"}
{"level":"info","message":"Health check available at: http://localhost:3000/health","service":"hospital-staff-api","timestamp":"2025-11-21T08:45:14.536Z"}
{"level":"info","message":"MongoDB Connected: cluster0-shard-00-00.wi77o.mongodb.net","service":"hospital-staff-api","timestamp":"2025-11-21T08:45:14.947Z"}
{"level":"info","message":"::1 - - [21/Nov/2025:08:45:18 +0000] \"PUT /api/staff/DOC001 HTTP/1.1\" 400 47 \"-\" \"PostmanRuntime/7.49.1\"","service":"hospital-staff-api","timestamp":"2025-11-21T08:45:18.454Z"}
{"level":"info","message":"::1 - - [21/Nov/2025:08:46:06 +0000] \"PUT /api/staff/?staffId=DOC001 HTTP/1.1\" 404 52 \"-\" \"PostmanRuntime/7.49.1\"","service":"hospital-staff-api","timestamp":"2025-11-21T08:46:06.273Z"}
{"level":"info","message":"::1 - - [21/Nov/2025:08:46:53 +0000] \"PUT /api/staff/?id=DOC001 HTTP/1.1\" 404 52 \"-\" \"PostmanRuntime/7.49.1\"","service":"hospital-staff-api","timestamp":"2025-11-21T08:46:53.018Z"}
{"level":"info","message":"Server running in development mode on port 3000","service":"hospital-staff-api","timestamp":"2025-11-21T08:47:57.534Z"}
{"level":"info","message":"Health check available at: http://localhost:3000/health","service":"hospital-staff-api","timestamp":"2025-11-21T08:47:57.538Z"}
{"level":"info","message":"MongoDB Connected: cluster0-shard-00-02.wi77o.mongodb.net","service":"hospital-staff-api","timestamp":"2025-11-21T08:47:57.983Z"}
{"level":"info","message":"::1 - - [21/Nov/2025:08:48:01 +0000] \"PUT /api/staff/?id=DOC001 HTTP/1.1\" 404 52 \"-\" \"PostmanRuntime/7.49.1\"","service":"hospital-staff-api","timestamp":"2025-11-21T08:48:01.130Z"}
{"level":"info","message":"::1 - - [21/Nov/2025:08:48:06 +0000] \"PUT /api/staff/?staffId=DOC001 HTTP/1.1\" 404 52 \"-\" \"PostmanRuntime/7.49.1\"","service":"hospital-staff-api","timestamp":"2025-11-21T08:48:06.344Z"}
{"0":{"location":"body","msg":"Staff ID must be 3-10 characters long","path":"staffId","type":"field","value":""},"1":{"location":"body","msg":"Staff ID must contain only uppercase letters and numbers","path":"staffId","type":"field","value":""},"2":{"location":"body","msg":"Invalid role","path":"role","type":"field"},"3":{"location":"body","msg":"Department must be 2-50 characters long","path":"department","type":"field","value":""},"level":"warn","message":"Validation errors:","service":"hospital-staff-api","timestamp":"2025-11-21T08:48:22.879Z"}
{"level":"info","message":"::1 - - [21/Nov/2025:08:48:22 +0000] \"PUT /api/staff/DOC001 HTTP/1.1\" 400 295 \"-\" \"PostmanRuntime/7.49.1\"","service":"hospital-staff-api","timestamp":"2025-11-21T08:48:22.881Z"}
{"level":"info","message":"Server running in development mode on port 3000","service":"hospital-staff-api","timestamp":"2025-11-21T08:48:48.969Z"}
{"level":"info","message":"Health check available at: http://localhost:3000/health","service":"hospital-staff-api","timestamp":"2025-11-21T08:48:48.972Z"}
{"level":"info","message":"MongoDB Connected: cluster0-shard-00-01.wi77o.mongodb.net","service":"hospital-staff-api","timestamp":"2025-11-21T08:48:49.386Z"}
{"level":"info","message":"Server running in development mode on port 3000","service":"hospital-staff-api","timestamp":"2025-11-21T08:48:50.860Z"}
{"level":"info","message":"Health check available at: http://localhost:3000/health","service":"hospital-staff-api","timestamp":"2025-11-21T08:48:50.863Z"}
{"level":"info","message":"MongoDB Connected: cluster0-shard-00-02.wi77o.mongodb.net","service":"hospital-staff-api","timestamp":"2025-11-21T08:48:51.306Z"}
{"0":{"location":"body","msg":"Staff ID must be 3-10 characters long","path":"staffId","type":"field","value":""},"1":{"location":"body","msg":"Staff ID must contain only uppercase letters and numbers","path":"staffId","type":"field","value":""},"2":{"location":"body","msg":"Invalid role","path":"role","type":"field"},"3":{"location":"body","msg":"Department must be 2-50 characters long","path":"department","type":"field","value":""},"level":"warn","message":"Validation errors:","service":"hospital-staff-api","timestamp":"2025-11-21T08:48:56.081Z"}
{"level":"info","message":"::1 - - [21/Nov/2025:08:48:56 +0000] \"PUT /api/staff/DOC001 HTTP/1.1\" 400 295 \"-\" \"PostmanRuntime/7.49.1\"","service":"hospital-staff-api","timestamp":"2025-11-21T08:48:56.095Z"}
{"level":"info","message":"Server running in development mode on port 3000","service":"hospital-staff-api","timestamp":"2025-11-21T08:49:06.820Z"}
{"level":"info","message":"Health check available at: http://localhost:3000/health","service":"hospital-staff-api","timestamp":"2025-11-21T08:49:06.823Z"}
{"level":"info","message":"MongoDB Connected: cluster0-shard-00-01.wi77o.mongodb.net","service":"hospital-staff-api","timestamp":"2025-11-21T08:49:07.251Z"}
{"level":"info","message":"Server running in development mode on port 3000","service":"hospital-staff-api","timestamp":"2025-11-21T08:49:09.309Z"}
{"level":"info","message":"Health check available at: http://localhost:3000/health","service":"hospital-staff-api","timestamp":"2025-11-21T08:49:09.313Z"}
{"level":"info","message":"MongoDB Connected: cluster0-shard-00-02.wi77o.mongodb.net","service":"hospital-staff-api","timestamp":"2025-11-21T08:49:09.738Z"}
{"level":"info","message":"Server running in development mode on port 3000","service":"hospital-staff-api","timestamp":"2025-11-21T08:52:31.404Z"}
{"level":"info","message":"Health check available at: http://localhost:3000/health","service":"hospital-staff-api","timestamp":"2025-11-21T08:52:31.408Z"}
{"level":"info","message":"MongoDB Connected: cluster0-shard-00-00.wi77o.mongodb.net","service":"hospital-staff-api","timestamp":"2025-11-21T08:52:31.944Z"}
{"level":"info","message":"Server running in development mode on port 3000","service":"hospital-staff-api","timestamp":"2025-11-21T08:52:34.710Z"}
{"level":"info","message":"Health check available at: http://localhost:3000/health","service":"hospital-staff-api","timestamp":"2025-11-21T08:52:34.714Z"}
{"level":"info","message":"MongoDB Connected: cluster0-shard-00-00.wi77o.mongodb.net","service":"hospital-staff-api","timestamp":"2025-11-21T08:52:35.134Z"}
{"level":"info","message":"::1 - - [21/Nov/2025:08:55:19 +0000] \"POST /api/staff HTTP/1.1\" 400 53 \"-\" \"PostmanRuntime/7.49.1\"","service":"hospital-staff-api","timestamp":"2025-11-21T08:55:19.961Z"}
{"level":"info","message":"::1 - - [21/Nov/2025:08:55:28 +0000] \"POST /api/staff HTTP/1.1\" 400 50 \"-\" \"PostmanRuntime/7.49.1\"","service":"hospital-staff-api","timestamp":"2025-11-21T08:55:28.183Z"}
{"level":"error","message":"Create staff error: Cannot read properties of undefined (reading 'name')","service":"hospital-staff-api","stack":"TypeError: Cannot read properties of undefined (reading 'name')\n    at exports.createStaff (/Users/apple/Desktop/Interviews/2025/bayer/bayer-04/server/controller/staffController.js:161:80)\n    at process.processTicksAndRejections (node:internal/process/task_queues:95:5)","timestamp":"2025-11-21T08:55:34.881Z"}
{"level":"info","message":"::1 - - [21/Nov/2025:08:55:34 +0000] \"POST /api/staff HTTP/1.1\" 400 86 \"-\" \"PostmanRuntime/7.49.1\"","service":"hospital-staff-api","timestamp":"2025-11-21T08:55:34.883Z"}
{"level":"info","message":"Server running in development mode on port 3000","service":"hospital-staff-api","timestamp":"2025-11-21T08:56:14.213Z"}
{"level":"info","message":"Health check available at: http://localhost:3000/health","service":"hospital-staff-api","timestamp":"2025-11-21T08:56:14.217Z"}
{"level":"info","message":"MongoDB Connected: cluster0-shard-00-00.wi77o.mongodb.net","service":"hospital-staff-api","timestamp":"2025-11-21T08:56:14.643Z"}
{"level":"info","message":"::1 - - [21/Nov/2025:08:56:31 +0000] \"POST /api/staff HTTP/1.1\" 400 53 \"-\" \"PostmanRuntime/7.49.1\"","service":"hospital-staff-api","timestamp":"2025-11-21T08:56:31.411Z"}
{"level":"info","message":"::1 - - [21/Nov/2025:08:56:37 +0000] \"POST /api/staff HTTP/1.1\" 400 50 \"-\" \"PostmanRuntime/7.49.1\"","service":"hospital-staff-api","timestamp":"2025-11-21T08:56:37.110Z"}
{"level":"error","message":"Create staff error: Cannot read properties of undefined (reading 'name')","service":"hospital-staff-api","stack":"TypeError: Cannot read properties of undefined (reading 'name')\n    at exports.createStaff (/Users/apple/Desktop/Interviews/2025/bayer/bayer-04/server/controller/staffController.js:161:80)\n    at process.processTicksAndRejections (node:internal/process/task_queues:95:5)","timestamp":"2025-11-21T08:56:41.965Z"}
{"level":"info","message":"::1 - - [21/Nov/2025:08:56:41 +0000] \"POST /api/staff HTTP/1.1\" 400 86 \"-\" \"PostmanRuntime/7.49.1\"","service":"hospital-staff-api","timestamp":"2025-11-21T08:56:41.966Z"}
{"level":"info","message":"Server running in development mode on port 3000","service":"hospital-staff-api","timestamp":"2025-11-21T08:59:10.492Z"}
{"level":"info","message":"Health check available at: http://localhost:3000/health","service":"hospital-staff-api","timestamp":"2025-11-21T08:59:10.496Z"}
{"level":"info","message":"MongoDB Connected: cluster0-shard-00-01.wi77o.mongodb.net","service":"hospital-staff-api","timestamp":"2025-11-21T08:59:10.926Z"}
{"level":"info","message":"::1 - - [21/Nov/2025:08:59:36 +0000] \"POST /api/staff HTTP/1.1\" 400 53 \"-\" \"PostmanRuntime/7.49.1\"","service":"hospital-staff-api","timestamp":"2025-11-21T08:59:36.248Z"}
{"level":"error","message":"Create staff error: Cannot read properties of undefined (reading 'name')","service":"hospital-staff-api","stack":"TypeError: Cannot read properties of undefined (reading 'name')\n    at exports.createStaff (/Users/apple/Desktop/Interviews/2025/bayer/bayer-04/server/controller/staffController.js:161:80)\n    at process.processTicksAndRejections (node:internal/process/task_queues:95:5)","timestamp":"2025-11-21T08:59:44.870Z"}
{"level":"info","message":"::1 - - [21/Nov/2025:08:59:44 +0000] \"POST /api/staff HTTP/1.1\" 400 82 \"-\" \"PostmanRuntime/7.49.1\"","service":"hospital-staff-api","timestamp":"2025-11-21T08:59:44.871Z"}
{"level":"info","message":"Server running in development mode on port 3000","service":"hospital-staff-api","timestamp":"2025-11-21T09:01:21.417Z"}
{"level":"info","message":"Health check available at: http://localhost:3000/health","service":"hospital-staff-api","timestamp":"2025-11-21T09:01:21.421Z"}
{"level":"info","message":"MongoDB Connected: cluster0-shard-00-02.wi77o.mongodb.net","service":"hospital-staff-api","timestamp":"2025-11-21T09:01:21.807Z"}
{"level":"info","message":"::1 - - [21/Nov/2025:09:01:28 +0000] \"POST /api/staff HTTP/1.1\" 400 53 \"-\" \"PostmanRuntime/7.49.1\"","service":"hospital-staff-api","timestamp":"2025-11-21T09:01:28.271Z"}
{"level":"info","message":"::1 - - [21/Nov/2025:09:01:36 +0000] \"POST /api/staff HTTP/1.1\" 201 590 \"-\" \"PostmanRuntime/7.49.1\"","service":"hospital-staff-api","timestamp":"2025-11-21T09:01:36.927Z"}
{"level":"info","message":"::1 - - [21/Nov/2025:09:01:52 +0000] \"GET /api/staff?page=1&limit=10&role=Doctor HTTP/1.1\" 200 - \"-\" \"PostmanRuntime/7.49.1\"","service":"hospital-staff-api","timestamp":"2025-11-21T09:01:52.350Z"}
{"0":{"location":"body","msg":"Staff ID must be 3-10 characters long","path":"staffId","type":"field","value":""},"1":{"location":"body","msg":"Staff ID must contain only uppercase letters and numbers","path":"staffId","type":"field","value":""},"2":{"location":"body","msg":"Invalid role","path":"role","type":"field"},"3":{"location":"body","msg":"Department must be 2-50 characters long","path":"department","type":"field","value":""},"level":"warn","message":"Validation errors:","service":"hospital-staff-api","timestamp":"2025-11-21T09:02:07.100Z"}
{"level":"info","message":"::1 - - [21/Nov/2025:09:02:07 +0000] \"PUT /api/staff/DOC001 HTTP/1.1\" 400 295 \"-\" \"PostmanRuntime/7.49.1\"","service":"hospital-staff-api","timestamp":"2025-11-21T09:02:07.101Z"}
{"level":"info","message":"Server running in development mode on port 3000","service":"hospital-staff-api","timestamp":"2025-11-21T09:02:39.367Z"}
{"level":"info","message":"Health check available at: http://localhost:3000/health","service":"hospital-staff-api","timestamp":"2025-11-21T09:02:39.371Z"}
{"level":"info","message":"MongoDB Connected: cluster0-shard-00-02.wi77o.mongodb.net","service":"hospital-staff-api","timestamp":"2025-11-21T09:02:39.871Z"}
{"kind":"ObjectId","level":"error","message":"Update staff error: Cast to ObjectId failed for value \"DOC001\" (type string) at path \"_id\" for model \"Staff\"","path":"_id","reason":{},"service":"hospital-staff-api","stack":"CastError: Cast to ObjectId failed for value \"DOC001\" (type string) at path \"_id\" for model \"Staff\"\n    at ObjectId.cast (/Users/apple/Desktop/Interviews/2025/bayer/bayer-04/server/node_modules/mongoose/lib/schema/objectid.js:250:11)\n    at SchemaType.applySetters (/Users/apple/Desktop/Interviews/2025/bayer/bayer-04/server/node_modules/mongoose/lib/schematype.js:1219:12)\n    at SchemaType.castForQuery (/Users/apple/Desktop/Interviews/2025/bayer/bayer-04/server/node_modules/mongoose/lib/schematype.js:1633:15)\n    at ObjectId.handleSingle (/Users/apple/Desktop/Interviews/2025/bayer/bayer-04/server/node_modules/mongoose/lib/schematype.js:1563:15)\n    at SchemaType.castForQuery (/Users/apple/Desktop/Interviews/2025/bayer/bayer-04/server/node_modules/mongoose/lib/schematype.js:1630:20)\n    at cast (/Users/apple/Desktop/Interviews/2025/bayer/bayer-04/server/node_modules/mongoose/lib/cast.js:366:39)\n    at Query.cast (/Users/apple/Desktop/Interviews/2025/bayer/bayer-04/server/node_modules/mongoose/lib/query.js:4927:12)\n    at Query._castConditions (/Users/apple/Desktop/Interviews/2025/bayer/bayer-04/server/node_modules/mongoose/lib/query.js:2237:10)\n    at model.Query._findOne (/Users/apple/Desktop/Interviews/2025/bayer/bayer-04/server/node_modules/mongoose/lib/query.js:2533:8)\n    at model.Query.exec (/Users/apple/Desktop/Interviews/2025/bayer/bayer-04/server/node_modules/mongoose/lib/query.js:4447:28)","stringValue":"\"DOC001\"","timestamp":"2025-11-21T09:02:42.291Z","value":"DOC001","valueType":"string"}
{"level":"info","message":"::1 - - [21/Nov/2025:09:02:42 +0000] \"PUT /api/staff/DOC001 HTTP/1.1\" 400 124 \"-\" \"PostmanRuntime/7.49.1\"","service":"hospital-staff-api","timestamp":"2025-11-21T09:02:42.297Z"}
{"level":"info","message":"Server running in development mode on port 3000","service":"hospital-staff-api","timestamp":"2025-11-21T09:03:32.876Z"}
{"level":"info","message":"Health check available at: http://localhost:3000/health","service":"hospital-staff-api","timestamp":"2025-11-21T09:03:32.879Z"}
{"level":"info","message":"MongoDB Connected: cluster0-shard-00-00.wi77o.mongodb.net","service":"hospital-staff-api","timestamp":"2025-11-21T09:03:33.298Z"}
{"level":"info","message":"Server running in development mode on port 3000","service":"hospital-staff-api","timestamp":"2025-11-21T09:03:38.884Z"}
{"level":"info","message":"Health check available at: http://localhost:3000/health","service":"hospital-staff-api","timestamp":"2025-11-21T09:03:38.888Z"}
{"level":"info","message":"MongoDB Connected: cluster0-shard-00-02.wi77o.mongodb.net","service":"hospital-staff-api","timestamp":"2025-11-21T09:03:39.288Z"}
{"level":"info","message":"::1 - - [21/Nov/2025:09:04:16 +0000] \"GET /api/stats HTTP/1.1\" 404 52 \"-\" \"PostmanRuntime/7.49.1\"","service":"hospital-staff-api","timestamp":"2025-11-21T09:04:16.537Z"}
{"level":"info","message":"::1 - - [21/Nov/2025:09:04:38 +0000] \"GET /api//staff/stats HTTP/1.1\" 404 52 \"-\" \"PostmanRuntime/7.49.1\"","service":"hospital-staff-api","timestamp":"2025-11-21T09:04:38.439Z"}
{"level":"info","message":"::1 - - [21/Nov/2025:09:04:40 +0000] \"GET /api//staff/stats HTTP/1.1\" 404 52 \"-\" \"PostmanRuntime/7.49.1\"","service":"hospital-staff-api","timestamp":"2025-11-21T09:04:40.079Z"}
{"level":"info","message":"::1 - - [21/Nov/2025:09:04:45 +0000] \"GET /api/staff/stats HTTP/1.1\" 200 57 \"-\" \"PostmanRuntime/7.49.1\"","service":"hospital-staff-api","timestamp":"2025-11-21T09:04:45.750Z"}
{"level":"info","message":"::1 - - [21/Nov/2025:09:05:30 +0000] \"GET /api/shifts/templates HTTP/1.1\" 200 40 \"-\" \"PostmanRuntime/7.49.1\"","service":"hospital-staff-api","timestamp":"2025-11-21T09:05:30.120Z"}
{"level":"info","message":"::1 - - [21/Nov/2025:09:06:36 +0000] \"GET /api/shifts/assign HTTP/1.1\" 404 52 \"-\" \"PostmanRuntime/7.49.1\"","service":"hospital-staff-api","timestamp":"2025-11-21T09:06:36.649Z"}
{"0":{"location":"body","msg":"Valid date is required","path":"date","type":"field"},"1":{"location":"body","msg":"Valid shift type is required","path":"shiftType","type":"field"},"2":{"location":"body","msg":"Valid staff ID is required","path":"staffId","type":"field"},"level":"warn","message":"Validation errors:","service":"hospital-staff-api","timestamp":"2025-11-21T09:06:44.973Z"}
{"level":"info","message":"::1 - - [21/Nov/2025:09:06:44 +0000] \"POST /api/shifts/assign HTTP/1.1\" 400 179 \"-\" \"PostmanRuntime/7.49.1\"","service":"hospital-staff-api","timestamp":"2025-11-21T09:06:44.974Z"}
{"0":{"location":"body","msg":"Valid staff ID is required","path":"staffId","type":"field","value":"DOC005"},"level":"warn","message":"Validation errors:","service":"hospital-staff-api","timestamp":"2025-11-21T09:07:56.829Z"}
{"level":"info","message":"::1 - - [21/Nov/2025:09:07:56 +0000] \"POST /api/shifts/assign HTTP/1.1\" 400 116 \"-\" \"PostmanRuntime/7.49.1\"","service":"hospital-staff-api","timestamp":"2025-11-21T09:07:56.831Z"}
{"0":{"location":"body","msg":"Valid staff ID is required","path":"staffId","type":"field","value":"DOC001"},"level":"warn","message":"Validation errors:","service":"hospital-staff-api","timestamp":"2025-11-21T09:08:04.008Z"}
{"level":"info","message":"::1 - - [21/Nov/2025:09:08:04 +0000] \"POST /api/shifts/assign HTTP/1.1\" 400 116 \"-\" \"PostmanRuntime/7.49.1\"","service":"hospital-staff-api","timestamp":"2025-11-21T09:08:04.010Z"}
{"level":"info","message":"Server running in development mode on port 3000","service":"hospital-staff-api","timestamp":"2025-11-21T09:08:40.805Z"}
{"level":"info","message":"Health check available at: http://localhost:3000/health","service":"hospital-staff-api","timestamp":"2025-11-21T09:08:40.809Z"}
{"level":"info","message":"MongoDB Connected: cluster0-shard-00-01.wi77o.mongodb.net","service":"hospital-staff-api","timestamp":"2025-11-21T09:08:41.262Z"}
{"kind":"ObjectId","level":"error","message":"Assign staff to shift error: Cast to ObjectId failed for value \"DOC001\" (type string) at path \"staffId\" for model \"ShiftSchedule\"","path":"staffId","reason":{},"service":"hospital-staff-api","stack":"CastError: Cast to ObjectId failed for value \"DOC001\" (type string) at path \"staffId\" for model \"ShiftSchedule\"\n    at ObjectId.cast (/Users/apple/Desktop/Interviews/2025/bayer/bayer-04/server/node_modules/mongoose/lib/schema/objectid.js:250:11)\n    at SchemaType.applySetters (/Users/apple/Desktop/Interviews/2025/bayer/bayer-04/server/node_modules/mongoose/lib/schematype.js:1219:12)\n    at SchemaType.castForQuery (/Users/apple/Desktop/Interviews/2025/bayer/bayer-04/server/node_modules/mongoose/lib/schematype.js:1633:15)\n    at cast (/Users/apple/Desktop/Interviews/2025/bayer/bayer-04/server/node_modules/mongoose/lib/cast.js:389:32)\n    at Query.cast (/Users/apple/Desktop/Interviews/2025/bayer/bayer-04/server/node_modules/mongoose/lib/query.js:4927:12)\n    at Query._castConditions (/Users/apple/Desktop/Interviews/2025/bayer/bayer-04/server/node_modules/mongoose/lib/query.js:2237:10)\n    at model.Query._findOne (/Users/apple/Desktop/Interviews/2025/bayer/bayer-04/server/node_modules/mongoose/lib/query.js:2533:8)\n    at model.Query.exec (/Users/apple/Desktop/Interviews/2025/bayer/bayer-04/server/node_modules/mongoose/lib/query.js:4447:28)\n    at process.processTicksAndRejections (node:internal/process/task_queues:95:5)\n    at async /Users/apple/Desktop/Interviews/2025/bayer/bayer-04/server/controller/shiftController.js:119:36","stringValue":"\"DOC001\"","timestamp":"2025-11-21T09:08:43.368Z","value":"DOC001","valueType":"string"}
{"level":"info","message":"::1 - - [21/Nov/2025:09:08:43 +0000] \"POST /api/shifts/assign HTTP/1.1\" 400 136 \"-\" \"PostmanRuntime/7.49.1\"","service":"hospital-staff-api","timestamp":"2025-11-21T09:08:43.376Z"}
{"level":"info","message":"::1 - - [21/Nov/2025:09:11:40 +0000] \"POST /api/staff HTTP/1.1\" 201 581 \"-\" \"PostmanRuntime/7.49.1\"","service":"hospital-staff-api","timestamp":"2025-11-21T09:11:40.159Z"}
{"kind":"ObjectId","level":"error","message":"Update staff error: Cast to ObjectId failed for value \"DOC01\" (type string) at path \"_id\" for model \"Staff\"","path":"_id","reason":{},"service":"hospital-staff-api","stack":"CastError: Cast to ObjectId failed for value \"DOC01\" (type string) at path \"_id\" for model \"Staff\"\n    at ObjectId.cast (/Users/apple/Desktop/Interviews/2025/bayer/bayer-04/server/node_modules/mongoose/lib/schema/objectid.js:250:11)\n    at SchemaType.applySetters (/Users/apple/Desktop/Interviews/2025/bayer/bayer-04/server/node_modules/mongoose/lib/schematype.js:1219:12)\n    at SchemaType.castForQuery (/Users/apple/Desktop/Interviews/2025/bayer/bayer-04/server/node_modules/mongoose/lib/schematype.js:1633:15)\n    at ObjectId.handleSingle (/Users/apple/Desktop/Interviews/2025/bayer/bayer-04/server/node_modules/mongoose/lib/schematype.js:1563:15)\n    at SchemaType.castForQuery (/Users/apple/Desktop/Interviews/2025/bayer/bayer-04/server/node_modules/mongoose/lib/schematype.js:1630:20)\n    at cast (/Users/apple/Desktop/Interviews/2025/bayer/bayer-04/server/node_modules/mongoose/lib/cast.js:366:39)\n    at Query.cast (/Users/apple/Desktop/Interviews/2025/bayer/bayer-04/server/node_modules/mongoose/lib/query.js:4927:12)\n    at Query._castConditions (/Users/apple/Desktop/Interviews/2025/bayer/bayer-04/server/node_modules/mongoose/lib/query.js:2237:10)\n    at model.Query._findOne (/Users/apple/Desktop/Interviews/2025/bayer/bayer-04/server/node_modules/mongoose/lib/query.js:2533:8)\n    at model.Query.exec (/Users/apple/Desktop/Interviews/2025/bayer/bayer-04/server/node_modules/mongoose/lib/query.js:4447:28)","stringValue":"\"DOC01\"","timestamp":"2025-11-21T09:13:02.044Z","value":"DOC01","valueType":"string"}
{"level":"info","message":"::1 - - [21/Nov/2025:09:13:02 +0000] \"PUT /api/staff/DOC01 HTTP/1.1\" 400 123 \"-\" \"PostmanRuntime/7.49.1\"","service":"hospital-staff-api","timestamp":"2025-11-21T09:13:02.046Z"}
{"level":"error","message":"Update staff error: Cannot read properties of undefined (reading 'name')","service":"hospital-staff-api","stack":"TypeError: Cannot read properties of undefined (reading 'name')\n    at exports.updateStaff (/Users/apple/Desktop/Interviews/2025/bayer/bayer-04/server/controller/staffController.js:222:80)\n    at process.processTicksAndRejections (node:internal/process/task_queues:95:5)","timestamp":"2025-11-21T09:14:16.161Z"}
{"level":"info","message":"::1 - - [21/Nov/2025:09:14:16 +0000] \"PUT /api/staff/69202ccc5d1d5fc8de0d3437 HTTP/1.1\" 400 82 \"-\" \"PostmanRuntime/7.49.1\"","service":"hospital-staff-api","timestamp":"2025-11-21T09:14:16.162Z"}
{"level":"info","message":"Server running in development mode on port 3000","service":"hospital-staff-api","timestamp":"2025-11-21T09:14:34.408Z"}
{"level":"info","message":"Health check available at: http://localhost:3000/health","service":"hospital-staff-api","timestamp":"2025-11-21T09:14:34.411Z"}
{"level":"info","message":"MongoDB Connected: cluster0-shard-00-00.wi77o.mongodb.net","service":"hospital-staff-api","timestamp":"2025-11-21T09:14:34.845Z"}
{"level":"info","message":"::1 - - [21/Nov/2025:09:14:40 +0000] \"PUT /api/staff/69202ccc5d1d5fc8de0d3437 HTTP/1.1\" 200 588 \"-\" \"PostmanRuntime/7.49.1\"","service":"hospital-staff-api","timestamp":"2025-11-21T09:14:40.104Z"}
{"level":"error","message":"Create staff error: Cannot read properties of undefined (reading 'toUpperCase')","service":"hospital-staff-api","stack":"TypeError: Cannot read properties of undefined (reading 'toUpperCase')\n    at exports.createStaff (/Users/apple/Desktop/Interviews/2025/bayer/bayer-04/server/controller/staffController.js:141:45)\n    at Layer.handle [as handle_request] (/Users/apple/Desktop/Interviews/2025/bayer/bayer-04/server/node_modules/express/lib/router/layer.js:95:5)\n    at next (/Users/apple/Desktop/Interviews/2025/bayer/bayer-04/server/node_modules/express/lib/router/route.js:149:13)\n    at Route.dispatch (/Users/apple/Desktop/Interviews/2025/bayer/bayer-04/server/node_modules/express/lib/router/route.js:119:3)\n    at Layer.handle [as handle_request] (/Users/apple/Desktop/Interviews/2025/bayer/bayer-04/server/node_modules/express/lib/router/layer.js:95:5)\n    at /Users/apple/Desktop/Interviews/2025/bayer/bayer-04/server/node_modules/express/lib/router/index.js:284:15\n    at Function.process_params (/Users/apple/Desktop/Interviews/2025/bayer/bayer-04/server/node_modules/express/lib/router/index.js:346:12)\n    at next (/Users/apple/Desktop/Interviews/2025/bayer/bayer-04/server/node_modules/express/lib/router/index.js:280:10)\n    at Function.handle (/Users/apple/Desktop/Interviews/2025/bayer/bayer-04/server/node_modules/express/lib/router/index.js:175:3)\n    at router (/Users/apple/Desktop/Interviews/2025/bayer/bayer-04/server/node_modules/express/lib/router/index.js:47:12)","timestamp":"2025-11-21T09:17:28.918Z"}
{"level":"info","message":"::1 - - [21/Nov/2025:09:17:28 +0000] \"POST /api/staff// HTTP/1.1\" 400 89 \"-\" \"PostmanRuntime/7.49.1\"","service":"hospital-staff-api","timestamp":"2025-11-21T09:17:28.920Z"}
{"level":"error","message":"Delete staff error: Cannot read properties of undefined (reading 'name')","service":"hospital-staff-api","stack":"TypeError: Cannot read properties of undefined (reading 'name')\n    at exports.deleteStaff (/Users/apple/Desktop/Interviews/2025/bayer/bayer-04/server/controller/staffController.js:259:84)\n    at process.processTicksAndRejections (node:internal/process/task_queues:95:5)","timestamp":"2025-11-21T09:17:39.316Z"}
{"level":"info","message":"::1 - - [21/Nov/2025:09:17:39 +0000] \"DELETE /api/staff/69202ccc5d1d5fc8de0d3437 HTTP/1.1\" 500 61 \"-\" \"PostmanRuntime/7.49.1\"","service":"hospital-staff-api","timestamp":"2025-11-21T09:17:39.317Z"}
{"level":"info","message":"Server running in development mode on port 3000","service":"hospital-staff-api","timestamp":"2025-11-21T09:17:51.362Z"}
{"level":"info","message":"Health check available at: http://localhost:3000/health","service":"hospital-staff-api","timestamp":"2025-11-21T09:17:51.366Z"}
{"level":"info","message":"MongoDB Connected: cluster0-shard-00-01.wi77o.mongodb.net","service":"hospital-staff-api","timestamp":"2025-11-21T09:17:51.779Z"}
{"level":"info","message":"::1 - - [21/Nov/2025:09:17:53 +0000] \"DELETE /api/staff/69202ccc5d1d5fc8de0d3437 HTTP/1.1\" 200 66 \"-\" \"PostmanRuntime/7.49.1\"","service":"hospital-staff-api","timestamp":"2025-11-21T09:17:53.117Z"}
{"level":"info","message":"::1 - - [21/Nov/2025:09:21:03 +0000] \"POST /api/shifts/templates HTTP/1.1\" 404 52 \"-\" \"PostmanRuntime/7.49.1\"","service":"hospital-staff-api","timestamp":"2025-11-21T09:21:03.097Z"}
{"kind":"date","level":"error","message":"Assign staff to shift error: Cast to date failed for value \"Invalid Date\" (type Date) at path \"date\" for model \"ShiftSchedule\"","path":"date","reason":{"actual":false,"code":"ERR_ASSERTION","expected":true,"generatedMessage":true,"operator":"=="},"service":"hospital-staff-api","stack":"CastError: Cast to date failed for value \"Invalid Date\" (type Date) at path \"date\" for model \"ShiftSchedule\"\n    at SchemaDate.cast (/Users/apple/Desktop/Interviews/2025/bayer/bayer-04/server/node_modules/mongoose/lib/schema/date.js:376:11)\n    at SchemaType.applySetters (/Users/apple/Desktop/Interviews/2025/bayer/bayer-04/server/node_modules/mongoose/lib/schematype.js:1219:12)\n    at SchemaDate.castForQuery (/Users/apple/Desktop/Interviews/2025/bayer/bayer-04/server/node_modules/mongoose/lib/schema/date.js:410:17)\n    at cast (/Users/apple/Desktop/Interviews/2025/bayer/bayer-04/server/node_modules/mongoose/lib/cast.js:389:32)\n    at Query.cast (/Users/apple/Desktop/Interviews/2025/bayer/bayer-04/server/node_modules/mongoose/lib/query.js:4927:12)\n    at Query._castConditions (/Users/apple/Desktop/Interviews/2025/bayer/bayer-04/server/node_modules/mongoose/lib/query.js:2237:10)\n    at model.Query._findOne (/Users/apple/Desktop/Interviews/2025/bayer/bayer-04/server/node_modules/mongoose/lib/query.js:2533:8)\n    at model.Query.exec (/Users/apple/Desktop/Interviews/2025/bayer/bayer-04/server/node_modules/mongoose/lib/query.js:4447:28)\n    at process.processTicksAndRejections (node:internal/process/task_queues:95:5)\n    at async /Users/apple/Desktop/Interviews/2025/bayer/bayer-04/server/controller/shiftController.js:119:36","stringValue":"\"Invalid Date\"","timestamp":"2025-11-21T09:21:29.608Z","value":null,"valueType":"Date"}
{"level":"info","message":"::1 - - [21/Nov/2025:09:21:29 +0000] \"POST /api/shifts/assign HTTP/1.1\" 400 133 \"-\" \"PostmanRuntime/7.49.1\"","service":"hospital-staff-api","timestamp":"2025-11-21T09:21:29.610Z"}
{"level":"info","message":"Server running in development mode on port 3000","service":"hospital-staff-api","timestamp":"2025-11-21T09:23:59.345Z"}
{"level":"info","message":"Health check available at: http://localhost:3000/health","service":"hospital-staff-api","timestamp":"2025-11-21T09:23:59.348Z"}
{"level":"info","message":"MongoDB Connected: cluster0-shard-00-02.wi77o.mongodb.net","service":"hospital-staff-api","timestamp":"2025-11-21T09:23:59.844Z"}
{"level":"info","message":"Server running in development mode on port 3000","service":"hospital-staff-api","timestamp":"2025-11-21T09:24:20.284Z"}
{"level":"info","message":"Health check available at: http://localhost:3000/health","service":"hospital-staff-api","timestamp":"2025-11-21T09:24:20.288Z"}
{"level":"info","message":"MongoDB Connected: cluster0-shard-00-02.wi77o.mongodb.net","service":"hospital-staff-api","timestamp":"2025-11-21T09:24:20.715Z"}
{"level":"info","message":"Server running in development mode on port 3000","service":"hospital-staff-api","timestamp":"2025-11-21T09:24:25.232Z"}
{"level":"info","message":"Health check available at: http://localhost:3000/health","service":"hospital-staff-api","timestamp":"2025-11-21T09:24:25.235Z"}
{"level":"info","message":"MongoDB Connected: cluster0-shard-00-00.wi77o.mongodb.net","service":"hospital-staff-api","timestamp":"2025-11-21T09:24:25.661Z"}
{"kind":"date","level":"error","message":"Assign staff to shift error: Cast to date failed for value \"Invalid Date\" (type Date) at path \"date\" for model \"ShiftSchedule\"","path":"date","reason":{"actual":false,"code":"ERR_ASSERTION","expected":true,"generatedMessage":true,"operator":"=="},"service":"hospital-staff-api","stack":"CastError: Cast to date failed for value \"Invalid Date\" (type Date) at path \"date\" for model \"ShiftSchedule\"\n    at SchemaDate.cast (/Users/apple/Desktop/Interviews/2025/bayer/bayer-04/server/node_modules/mongoose/lib/schema/date.js:376:11)\n    at SchemaType.applySetters (/Users/apple/Desktop/Interviews/2025/bayer/bayer-04/server/node_modules/mongoose/lib/schematype.js:1219:12)\n    at SchemaDate.castForQuery (/Users/apple/Desktop/Interviews/2025/bayer/bayer-04/server/node_modules/mongoose/lib/schema/date.js:410:17)\n    at cast (/Users/apple/Desktop/Interviews/2025/bayer/bayer-04/server/node_modules/mongoose/lib/cast.js:389:32)\n    at Query.cast (/Users/apple/Desktop/Interviews/2025/bayer/bayer-04/server/node_modules/mongoose/lib/query.js:4927:12)\n    at Query._castConditions (/Users/apple/Desktop/Interviews/2025/bayer/bayer-04/server/node_modules/mongoose/lib/query.js:2237:10)\n    at model.Query._findOne (/Users/apple/Desktop/Interviews/2025/bayer/bayer-04/server/node_modules/mongoose/lib/query.js:2533:8)\n    at model.Query.exec (/Users/apple/Desktop/Interviews/2025/bayer/bayer-04/server/node_modules/mongoose/lib/query.js:4447:28)\n    at process.processTicksAndRejections (node:internal/process/task_queues:95:5)\n    at async /Users/apple/Desktop/Interviews/2025/bayer/bayer-04/server/controller/shiftController.js:119:36","stringValue":"\"Invalid Date\"","timestamp":"2025-11-21T09:24:47.883Z","value":null,"valueType":"Date"}
{"level":"info","message":"::1 - - [21/Nov/2025:09:24:47 +0000] \"POST /api/shifts/assign HTTP/1.1\" 400 133 \"-\" \"PostmanRuntime/7.49.1\"","service":"hospital-staff-api","timestamp":"2025-11-21T09:24:47.889Z"}
{"level":"info","message":"Server running in development mode on port 3000","service":"hospital-staff-api","timestamp":"2025-11-21T09:25:39.566Z"}
{"level":"info","message":"Health check available at: http://localhost:3000/health","service":"hospital-staff-api","timestamp":"2025-11-21T09:25:39.570Z"}
{"level":"info","message":"MongoDB Connected: cluster0-shard-00-02.wi77o.mongodb.net","service":"hospital-staff-api","timestamp":"2025-11-21T09:25:39.978Z"}
{"level":"error","message":"Assign staff to shift error: Staff member not found or inactive","service":"hospital-staff-api","stack":"Error: Staff member not found or inactive\n    at /Users/apple/Desktop/Interviews/2025/bayer/bayer-04/server/controller/shiftController.js:131:17\n    at process.processTicksAndRejections (node:internal/process/task_queues:95:5)\n    at async exports.assignStaffToShift (/Users/apple/Desktop/Interviews/2025/bayer/bayer-04/server/controller/shiftController.js:115:7)","timestamp":"2025-11-21T09:26:14.118Z"}
{"level":"info","message":"::1 - - [21/Nov/2025:09:26:14 +0000] \"POST /api/shifts/assign HTTP/1.1\" 400 64 \"-\" \"PostmanRuntime/7.49.1\"","service":"hospital-staff-api","timestamp":"2025-11-21T09:26:14.124Z"}
{"kind":"ObjectId","level":"error","message":"Assign staff to shift error: Cast to ObjectId failed for value \"DOC001\" (type string) at path \"staffId\" for model \"ShiftSchedule\"","path":"staffId","reason":{},"service":"hospital-staff-api","stack":"CastError: Cast to ObjectId failed for value \"DOC001\" (type string) at path \"staffId\" for model \"ShiftSchedule\"\n    at ObjectId.cast (/Users/apple/Desktop/Interviews/2025/bayer/bayer-04/server/node_modules/mongoose/lib/schema/objectid.js:250:11)\n    at SchemaType.applySetters (/Users/apple/Desktop/Interviews/2025/bayer/bayer-04/server/node_modules/mongoose/lib/schematype.js:1219:12)\n    at SchemaType.castForQuery (/Users/apple/Desktop/Interviews/2025/bayer/bayer-04/server/node_modules/mongoose/lib/schematype.js:1633:15)\n    at cast (/Users/apple/Desktop/Interviews/2025/bayer/bayer-04/server/node_modules/mongoose/lib/cast.js:389:32)\n    at Query.cast (/Users/apple/Desktop/Interviews/2025/bayer/bayer-04/server/node_modules/mongoose/lib/query.js:4927:12)\n    at Query._castConditions (/Users/apple/Desktop/Interviews/2025/bayer/bayer-04/server/node_modules/mongoose/lib/query.js:2237:10)\n    at model.Query._findOne (/Users/apple/Desktop/Interviews/2025/bayer/bayer-04/server/node_modules/mongoose/lib/query.js:2533:8)\n    at model.Query.exec (/Users/apple/Desktop/Interviews/2025/bayer/bayer-04/server/node_modules/mongoose/lib/query.js:4447:28)\n    at process.processTicksAndRejections (node:internal/process/task_queues:95:5)\n    at async /Users/apple/Desktop/Interviews/2025/bayer/bayer-04/server/controller/shiftController.js:119:36","stringValue":"\"DOC001\"","timestamp":"2025-11-21T09:27:45.348Z","value":"DOC001","valueType":"string"}
{"level":"info","message":"::1 - - [21/Nov/2025:09:27:45 +0000] \"POST /api/shifts/assign HTTP/1.1\" 400 136 \"-\" \"PostmanRuntime/7.49.1\"","service":"hospital-staff-api","timestamp":"2025-11-21T09:27:45.350Z"}
{"level":"error","message":"Assign staff to shift error: Staff member not found or inactive","service":"hospital-staff-api","stack":"Error: Staff member not found or inactive\n    at /Users/apple/Desktop/Interviews/2025/bayer/bayer-04/server/controller/shiftController.js:131:17\n    at process.processTicksAndRejections (node:internal/process/task_queues:95:5)\n    at async exports.assignStaffToShift (/Users/apple/Desktop/Interviews/2025/bayer/bayer-04/server/controller/shiftController.js:115:7)","timestamp":"2025-11-21T09:28:31.030Z"}
{"level":"info","message":"::1 - - [21/Nov/2025:09:28:31 +0000] \"POST /api/shifts/assign HTTP/1.1\" 400 64 \"-\" \"PostmanRuntime/7.49.1\"","service":"hospital-staff-api","timestamp":"2025-11-21T09:28:31.032Z"}
{"level":"info","message":"::1 - - [21/Nov/2025:09:29:08 +0000] \"GET /api/staff?page=1&limit=10&role=Doctor HTTP/1.1\" 200 - \"-\" \"PostmanRuntime/7.49.1\"","service":"hospital-staff-api","timestamp":"2025-11-21T09:29:08.938Z"}
{"level":"error","message":"Assign staff to shift error: Shift template not found","service":"hospital-staff-api","stack":"Error: Shift template not found\n    at /Users/apple/Desktop/Interviews/2025/bayer/bayer-04/server/controller/shiftController.js:143:19\n    at process.processTicksAndRejections (node:internal/process/task_queues:95:5)\n    at async exports.assignStaffToShift (/Users/apple/Desktop/Interviews/2025/bayer/bayer-04/server/controller/shiftController.js:115:7)","timestamp":"2025-11-21T09:29:20.235Z"}
{"level":"info","message":"::1 - - [21/Nov/2025:09:29:20 +0000] \"POST /api/shifts/assign HTTP/1.1\" 400 54 \"-\" \"PostmanRuntime/7.49.1\"","service":"hospital-staff-api","timestamp":"2025-11-21T09:29:20.236Z"}
{"kind":"date","level":"error","message":"Assign staff to shift error: Cast to date failed for value \"Invalid Date\" (type Date) at path \"date\" for model \"ShiftSchedule\"","path":"date","reason":{"actual":false,"code":"ERR_ASSERTION","expected":true,"generatedMessage":true,"operator":"=="},"service":"hospital-staff-api","stack":"CastError: Cast to date failed for value \"Invalid Date\" (type Date) at path \"date\" for model \"ShiftSchedule\"\n    at SchemaDate.cast (/Users/apple/Desktop/Interviews/2025/bayer/bayer-04/server/node_modules/mongoose/lib/schema/date.js:376:11)\n    at SchemaType.applySetters (/Users/apple/Desktop/Interviews/2025/bayer/bayer-04/server/node_modules/mongoose/lib/schematype.js:1219:12)\n    at SchemaDate.castForQuery (/Users/apple/Desktop/Interviews/2025/bayer/bayer-04/server/node_modules/mongoose/lib/schema/date.js:410:17)\n    at cast (/Users/apple/Desktop/Interviews/2025/bayer/bayer-04/server/node_modules/mongoose/lib/cast.js:389:32)\n    at Query.cast (/Users/apple/Desktop/Interviews/2025/bayer/bayer-04/server/node_modules/mongoose/lib/query.js:4927:12)\n    at Query._castConditions (/Users/apple/Desktop/Interviews/2025/bayer/bayer-04/server/node_modules/mongoose/lib/query.js:2237:10)\n    at model.Query._findOne (/Users/apple/Desktop/Interviews/2025/bayer/bayer-04/server/node_modules/mongoose/lib/query.js:2533:8)\n    at model.Query.exec (/Users/apple/Desktop/Interviews/2025/bayer/bayer-04/server/node_modules/mongoose/lib/query.js:4447:28)\n    at process.processTicksAndRejections (node:internal/process/task_queues:95:5)\n    at async /Users/apple/Desktop/Interviews/2025/bayer/bayer-04/server/controller/shiftController.js:119:36","stringValue":"\"Invalid Date\"","timestamp":"2025-11-21T09:29:29.921Z","value":null,"valueType":"Date"}
{"level":"info","message":"::1 - - [21/Nov/2025:09:29:29 +0000] \"POST /api/shifts/assign HTTP/1.1\" 400 133 \"-\" \"PostmanRuntime/7.49.1\"","service":"hospital-staff-api","timestamp":"2025-11-21T09:29:29.923Z"}
{"level":"error","message":"Assign staff to shift error: Staff member not found or inactive","service":"hospital-staff-api","stack":"Error: Staff member not found or inactive\n    at /Users/apple/Desktop/Interviews/2025/bayer/bayer-04/server/controller/shiftController.js:131:17\n    at process.processTicksAndRejections (node:internal/process/task_queues:95:5)\n    at async exports.assignStaffToShift (/Users/apple/Desktop/Interviews/2025/bayer/bayer-04/server/controller/shiftController.js:115:7)","timestamp":"2025-11-21T09:29:35.955Z"}
{"level":"info","message":"::1 - - [21/Nov/2025:09:29:35 +0000] \"POST /api/shifts/assign HTTP/1.1\" 400 64 \"-\" \"PostmanRuntime/7.49.1\"","service":"hospital-staff-api","timestamp":"2025-11-21T09:29:35.956Z"}
{"level":"info","message":"Server running in development mode on port 3000","service":"hospital-staff-api","timestamp":"2025-11-21T09:30:40.024Z"}
{"level":"info","message":"Health check available at: http://localhost:3000/health","service":"hospital-staff-api","timestamp":"2025-11-21T09:30:40.028Z"}
{"level":"info","message":"MongoDB Connected: cluster0-shard-00-02.wi77o.mongodb.net","service":"hospital-staff-api","timestamp":"2025-11-21T09:30:40.438Z"}
{"level":"error","message":"Assign staff to shift error: Staff member not found or inactive","service":"hospital-staff-api","stack":"Error: Staff member not found or inactive\n    at /Users/apple/Desktop/Interviews/2025/bayer/bayer-04/server/controller/shiftController.js:131:17\n    at process.processTicksAndRejections (node:internal/process/task_queues:95:5)\n    at async exports.assignStaffToShift (/Users/apple/Desktop/Interviews/2025/bayer/bayer-04/server/controller/shiftController.js:115:7)","timestamp":"2025-11-21T09:30:43.274Z"}
{"level":"info","message":"::1 - - [21/Nov/2025:09:30:43 +0000] \"POST /api/shifts/assign HTTP/1.1\" 400 64 \"-\" \"PostmanRuntime/7.49.1\"","service":"hospital-staff-api","timestamp":"2025-11-21T09:30:43.280Z"}
{"level":"error","message":"Assign staff to shift error: Staff member not found or inactive","service":"hospital-staff-api","stack":"Error: Staff member not found or inactive\n    at /Users/apple/Desktop/Interviews/2025/bayer/bayer-04/server/controller/shiftController.js:131:17\n    at process.processTicksAndRejections (node:internal/process/task_queues:95:5)\n    at async exports.assignStaffToShift (/Users/apple/Desktop/Interviews/2025/bayer/bayer-04/server/controller/shiftController.js:115:7)","timestamp":"2025-11-21T09:30:45.176Z"}
{"level":"info","message":"::1 - - [21/Nov/2025:09:30:45 +0000] \"POST /api/shifts/assign HTTP/1.1\" 400 64 \"-\" \"PostmanRuntime/7.49.1\"","service":"hospital-staff-api","timestamp":"2025-11-21T09:30:45.178Z"}
{"level":"info","message":"Server running in development mode on port 3000","service":"hospital-staff-api","timestamp":"2025-11-21T09:30:53.337Z"}
{"level":"info","message":"Health check available at: http://localhost:3000/health","service":"hospital-staff-api","timestamp":"2025-11-21T09:30:53.340Z"}
{"level":"info","message":"MongoDB Connected: cluster0-shard-00-00.wi77o.mongodb.net","service":"hospital-staff-api","timestamp":"2025-11-21T09:30:53.792Z"}
{"level":"info","message":"Server running in development mode on port 3000","service":"hospital-staff-api","timestamp":"2025-11-21T09:31:40.093Z"}
{"level":"info","message":"Health check available at: http://localhost:3000/health","service":"hospital-staff-api","timestamp":"2025-11-21T09:31:40.099Z"}
{"level":"info","message":"MongoDB Connected: cluster0-shard-00-00.wi77o.mongodb.net","service":"hospital-staff-api","timestamp":"2025-11-21T09:31:40.559Z"}
{"level":"info","message":"Server running in development mode on port 3000","service":"hospital-staff-api","timestamp":"2025-11-21T09:31:53.699Z"}
{"level":"info","message":"Health check available at: http://localhost:3000/health","service":"hospital-staff-api","timestamp":"2025-11-21T09:31:53.704Z"}
{"level":"info","message":"MongoDB Connected: cluster0-shard-00-02.wi77o.mongodb.net","service":"hospital-staff-api","timestamp":"2025-11-21T09:31:54.125Z"}
{"level":"info","message":"Server running in development mode on port 3000","service":"hospital-staff-api","timestamp":"2025-11-21T09:32:08.693Z"}
{"level":"info","message":"Health check available at: http://localhost:3000/health","service":"hospital-staff-api","timestamp":"2025-11-21T09:32:08.697Z"}
{"level":"info","message":"MongoDB Connected: cluster0-shard-00-00.wi77o.mongodb.net","service":"hospital-staff-api","timestamp":"2025-11-21T09:32:09.131Z"}
{"level":"info","message":"Server running in development mode on port 3000","service":"hospital-staff-api","timestamp":"2025-11-21T09:32:29.279Z"}
{"level":"info","message":"Health check available at: http://localhost:3000/health","service":"hospital-staff-api","timestamp":"2025-11-21T09:32:29.283Z"}
{"level":"info","message":"MongoDB Connected: cluster0-shard-00-01.wi77o.mongodb.net","service":"hospital-staff-api","timestamp":"2025-11-21T09:32:29.681Z"}
{"level":"info","message":"Server running in development mode on port 3000","service":"hospital-staff-api","timestamp":"2025-11-21T09:32:33.428Z"}
{"level":"info","message":"Health check available at: http://localhost:3000/health","service":"hospital-staff-api","timestamp":"2025-11-21T09:32:33.432Z"}
{"level":"info","message":"MongoDB Connected: cluster0-shard-00-00.wi77o.mongodb.net","service":"hospital-staff-api","timestamp":"2025-11-21T09:32:33.852Z"}
{"level":"info","message":"Server running in development mode on port 3000","service":"hospital-staff-api","timestamp":"2025-11-21T09:32:40.976Z"}
{"level":"info","message":"Health check available at: http://localhost:3000/health","service":"hospital-staff-api","timestamp":"2025-11-21T09:32:40.979Z"}
{"level":"info","message":"MongoDB Connected: cluster0-shard-00-02.wi77o.mongodb.net","service":"hospital-staff-api","timestamp":"2025-11-21T09:32:41.404Z"}
{"level":"info","message":"Server running in development mode on port 3000","service":"hospital-staff-api","timestamp":"2025-11-21T09:32:44.997Z"}
{"level":"info","message":"Health check available at: http://localhost:3000/health","service":"hospital-staff-api","timestamp":"2025-11-21T09:32:45.001Z"}
{"level":"info","message":"MongoDB Connected: cluster0-shard-00-01.wi77o.mongodb.net","service":"hospital-staff-api","timestamp":"2025-11-21T09:32:45.457Z"}
{"level":"info","message":"Server running in development mode on port 3000","service":"hospital-staff-api","timestamp":"2025-11-21T09:33:27.727Z"}
{"level":"info","message":"Health check available at: http://localhost:3000/health","service":"hospital-staff-api","timestamp":"2025-11-21T09:33:27.731Z"}
{"level":"info","message":"MongoDB Connected: cluster0-shard-00-02.wi77o.mongodb.net","service":"hospital-staff-api","timestamp":"2025-11-21T09:33:28.164Z"}
{"level":"info","message":"Server running in development mode on port 3000","service":"hospital-staff-api","timestamp":"2025-11-21T09:33:33.880Z"}
{"level":"info","message":"Health check available at: http://localhost:3000/health","service":"hospital-staff-api","timestamp":"2025-11-21T09:33:33.883Z"}
{"level":"info","message":"MongoDB Connected: cluster0-shard-00-02.wi77o.mongodb.net","service":"hospital-staff-api","timestamp":"2025-11-21T09:33:34.321Z"}
{"level":"info","message":"Server running in development mode on port 3000","service":"hospital-staff-api","timestamp":"2025-11-21T09:33:42.261Z"}
{"level":"info","message":"Health check available at: http://localhost:3000/health","service":"hospital-staff-api","timestamp":"2025-11-21T09:33:42.264Z"}
{"level":"info","message":"MongoDB Connected: cluster0-shard-00-02.wi77o.mongodb.net","service":"hospital-staff-api","timestamp":"2025-11-21T09:33:42.680Z"}
{"level":"info","message":"Server running in development mode on port 3000","service":"hospital-staff-api","timestamp":"2025-11-21T09:33:51.825Z"}
{"level":"info","message":"Health check available at: http://localhost:3000/health","service":"hospital-staff-api","timestamp":"2025-11-21T09:33:51.829Z"}
{"level":"info","message":"MongoDB Connected: cluster0-shard-00-00.wi77o.mongodb.net","service":"hospital-staff-api","timestamp":"2025-11-21T09:33:52.244Z"}
{"level":"info","message":"Server running in development mode on port 3000","service":"hospital-staff-api","timestamp":"2025-11-21T09:33:58.230Z"}
{"level":"info","message":"Health check available at: http://localhost:3000/health","service":"hospital-staff-api","timestamp":"2025-11-21T09:33:58.234Z"}
{"level":"info","message":"MongoDB Connected: cluster0-shard-00-00.wi77o.mongodb.net","service":"hospital-staff-api","timestamp":"2025-11-21T09:33:58.649Z"}
{"level":"info","message":"Server running in development mode on port 3000","service":"hospital-staff-api","timestamp":"2025-11-21T09:34:19.837Z"}
{"level":"info","message":"Health check available at: http://localhost:3000/health","service":"hospital-staff-api","timestamp":"2025-11-21T09:34:19.840Z"}
{"level":"info","message":"MongoDB Connected: cluster0-shard-00-02.wi77o.mongodb.net","service":"hospital-staff-api","timestamp":"2025-11-21T09:34:20.258Z"}
{"level":"info","message":"Server running in development mode on port 3000","service":"hospital-staff-api","timestamp":"2025-11-21T09:34:25.118Z"}
{"level":"info","message":"Health check available at: http://localhost:3000/health","service":"hospital-staff-api","timestamp":"2025-11-21T09:34:25.122Z"}
{"level":"info","message":"MongoDB Connected: cluster0-shard-00-01.wi77o.mongodb.net","service":"hospital-staff-api","timestamp":"2025-11-21T09:34:25.633Z"}
{"level":"info","message":"Server running in development mode on port 3000","service":"hospital-staff-api","timestamp":"2025-11-21T09:34:26.864Z"}
{"level":"info","message":"Health check available at: http://localhost:3000/health","service":"hospital-staff-api","timestamp":"2025-11-21T09:34:26.868Z"}
{"level":"info","message":"MongoDB Connected: cluster0-shard-00-00.wi77o.mongodb.net","service":"hospital-staff-api","timestamp":"2025-11-21T09:34:27.303Z"}
{"level":"info","message":"Server running in development mode on port 3000","service":"hospital-staff-api","timestamp":"2025-11-21T09:34:36.007Z"}
{"level":"info","message":"Health check available at: http://localhost:3000/health","service":"hospital-staff-api","timestamp":"2025-11-21T09:34:36.011Z"}
{"level":"info","message":"MongoDB Connected: cluster0-shard-00-02.wi77o.mongodb.net","service":"hospital-staff-api","timestamp":"2025-11-21T09:34:36.446Z"}
{"level":"info","message":"Server running in development mode on port 3000","service":"hospital-staff-api","timestamp":"2025-11-21T09:34:44.039Z"}
{"level":"info","message":"Health check available at: http://localhost:3000/health","service":"hospital-staff-api","timestamp":"2025-11-21T09:34:44.042Z"}
{"level":"info","message":"MongoDB Connected: cluster0-shard-00-00.wi77o.mongodb.net","service":"hospital-staff-api","timestamp":"2025-11-21T09:34:44.549Z"}
{"level":"info","message":"Server running in development mode on port 3000","service":"hospital-staff-api","timestamp":"2025-11-21T09:34:55.561Z"}
{"level":"info","message":"Health check available at: http://localhost:3000/health","service":"hospital-staff-api","timestamp":"2025-11-21T09:34:55.565Z"}
{"level":"info","message":"MongoDB Connected: cluster0-shard-00-02.wi77o.mongodb.net","service":"hospital-staff-api","timestamp":"2025-11-21T09:34:56.005Z"}
{"level":"info","message":"::1 - - [21/Nov/2025:09:35:27 +0000] \"POST /api/staff HTTP/1.1\" 201 582 \"-\" \"PostmanRuntime/7.49.1\"","service":"hospital-staff-api","timestamp":"2025-11-21T09:35:27.076Z"}
{"level":"info","message":"::1 - - [21/Nov/2025:09:35:42 +0000] \"GET /api/staff?page=1&limit=10&role=Doctor HTTP/1.1\" 200 - \"-\" \"PostmanRuntime/7.49.1\"","service":"hospital-staff-api","timestamp":"2025-11-21T09:35:42.809Z"}
{"level":"info","message":"::1 - - [21/Nov/2025:09:35:54 +0000] \"PUT /api/staff/6920325f3ba365e61449b964 HTTP/1.1\" 200 587 \"-\" \"PostmanRuntime/7.49.1\"","service":"hospital-staff-api","timestamp":"2025-11-21T09:35:54.930Z"}
{"level":"info","message":"Received SIGINT, shutting down gracefully","service":"hospital-staff-api","timestamp":"2025-11-21T09:38:44.013Z"}
{"level":"info","message":"Server running in development mode on port 3000","service":"hospital-staff-api","timestamp":"2025-11-21T09:40:02.548Z"}
{"level":"info","message":"Health check available at: http://localhost:3000/health","service":"hospital-staff-api","timestamp":"2025-11-21T09:40:02.552Z"}
{"level":"info","message":"MongoDB Connected: cluster0-shard-00-00.wi77o.mongodb.net","service":"hospital-staff-api","timestamp":"2025-11-21T09:40:02.985Z"}
{"level":"info","message":"::1 - - [21/Nov/2025:09:40:06 +0000] \"GET /api/staff?page=1&limit=10&role=Doctor HTTP/1.1\" 200 - \"-\" \"PostmanRuntime/7.49.1\"","service":"hospital-staff-api","timestamp":"2025-11-21T09:40:06.586Z"}
{"level":"info","message":"Received SIGINT, shutting down gracefully","service":"hospital-staff-api","timestamp":"2025-11-21T09:40:10.655Z"}
